<?xml version="1.0" encoding="UTF-8"?>
<!-- Generated by org.testng.reporters.JUnitReportReporter -->
<testsuite hostname="Sid" failures="0" tests="1" name="script.ValidLogin" time="19.488" errors="0" timestamp="2023-11-08T11:16:43 IST" skipped="0">
  <testcase classname="script.ValidLogin" name="testValidLogin" time="19.488"/>
  <system-out>
    <![CDATA[Execute in Grid:no
Browser is:chrome
Set ITO:7
Enter the URL:https://opensource-demo.orangehrmlive.com
Maximize the browser
Set ETO:6
Close the browser]]>
  </system-out>
</testsuite> <!-- script.ValidLogin -->
